2016-08-04 19:04:47,626 - DEBUG - []
2016-08-04 19:04:47,948 - DEBUG - ['[master df6de3c] buenas those-things.  -- Commit message generated by gitAutoCommit Script at 2016-08-04 19:04:46.717161', ' 11 files changed, 222 insertions(+), 217 deletions(-)']
2016-08-04 19:05:22,255 - DEBUG - []
2016-08-04 19:05:22,271 - DEBUG - []
2016-08-04 19:05:22,402 - DEBUG - ['[master a51b1c5] buenas those-things.  -- Commit message generated by gitAutoCommit Script at 2016-08-04 19:04:46.717161', ' 2 files changed, 328 insertions(+), 328 deletions(-)']
2016-08-04 19:05:28,686 - DEBUG - []
2016-08-04 19:05:28,698 - DEBUG - []
2016-08-04 19:05:28,939 - DEBUG - ['[master f7f5abc] buenas those-things.  -- Commit message generated by gitAutoCommit Script at 2016-08-04 19:04:46.717161', ' 4 files changed, 294 insertions(+), 294 deletions(-)']
2016-08-04 19:05:34,922 - DEBUG - []
2016-08-04 19:05:34,941 - DEBUG - []
2016-08-04 19:05:34,964 - DEBUG - ['[master bbf4cf5] buenas those-things.  -- Commit message generated by gitAutoCommit Script at 2016-08-04 19:04:46.717161', ' 1 file changed, 0 insertions(+), 0 deletions(-)', ' mode change 100644 => 100755 jinja2-debug.py']
2016-08-04 19:05:35,314 - DEBUG - []
2016-08-04 19:05:35,360 - DEBUG - []
2016-08-04 19:05:35,394 - DEBUG - ['[master b782a27] buenas those-things.  -- Commit message generated by gitAutoCommit Script at 2016-08-04 19:04:46.717161', ' 3 files changed, 0 insertions(+), 0 deletions(-)', ' mode change 100644 => 100755 requests/packages/chardet/chardetect.py', ' mode change 100644 => 100755 setup.py', ' mode change 100644 => 100755 test_requests.py']
2016-08-04 19:05:35,654 - DEBUG - []
2016-08-04 19:05:35,678 - DEBUG - []
2016-08-04 19:05:35,701 - DEBUG - ['[master 2da0ed8] buenas those-things.  -- Commit message generated by gitAutoCommit Script at 2016-08-04 19:04:46.717161', ' 4 files changed, 308 insertions(+), 308 deletions(-)']
2016-08-04 19:05:35,706 - DEBUG - []
2016-08-04 19:05:35,780 - DEBUG - []
2016-08-04 19:05:35,824 - DEBUG - ['[master af9abc4] buenas those-things.  -- Commit message generated by gitAutoCommit Script at 2016-08-04 19:04:46.717161', ' 13 files changed, 518 insertions(+), 518 deletions(-)', ' create mode 100644 venv/lib/python3.5/site-packages/pip-1.5.6-py3.5.egg/pip/_vendor/distlib/t32.exe', ' create mode 100644 venv/lib/python3.5/site-packages/pip-1.5.6-py3.5.egg/pip/_vendor/distlib/t64.exe', ' create mode 100644 venv/lib/python3.5/site-packages/pip-1.5.6-py3.5.egg/pip/_vendor/distlib/w32.exe', ' create mode 100644 venv/lib/python3.5/site-packages/pip-1.5.6-py3.5.egg/pip/_vendor/distlib/w64.exe']
2016-08-04 19:05:40,233 - DEBUG - []
2016-08-04 19:05:40,289 - DEBUG - []
2016-08-04 19:05:40,557 - DEBUG - ['[master 70f414a] buenas those-things.  -- Commit message generated by gitAutoCommit Script at 2016-08-04 19:04:46.717161', ' 2 files changed, 120 insertions(+), 120 deletions(-)']
2016-08-04 19:05:44,238 - DEBUG - []
2016-08-04 19:05:44,243 - DEBUG - []
2016-08-04 19:05:44,488 - DEBUG - ['[master 30bc02e] buenas those-things.  -- Commit message generated by gitAutoCommit Script at 2016-08-04 19:04:46.717161', ' 1 file changed, 7 insertions(+), 7 deletions(-)']
2016-08-04 19:05:47,792 - DEBUG - []
2016-08-04 19:05:47,797 - DEBUG - []
2016-08-04 19:05:47,909 - DEBUG - ['[master d924a9b] buenas those-things.  -- Commit message generated by gitAutoCommit Script at 2016-08-04 19:04:46.717161', ' 1 file changed, 82 insertions(+), 82 deletions(-)']
2016-08-04 19:05:55,923 - DEBUG - []
2016-08-04 19:05:56,014 - DEBUG - []
2016-08-04 19:05:57,021 - DEBUG - ['[master a5ac495] buenas those-things.  -- Commit message generated by gitAutoCommit Script at 2016-08-04 19:04:46.717161', ' 1 file changed, 0 insertions(+), 0 deletions(-)', ' delete mode 100644 images/nos.jpg']
2016-08-04 19:06:02,864 - DEBUG - []
2016-08-04 19:06:03,026 - DEBUG - []
2016-08-04 19:06:03,263 - DEBUG - ['[master 5cfde81] buenas those-things.  -- Commit message generated by gitAutoCommit Script at 2016-08-04 19:04:46.717161', ' 6 files changed, 196 insertions(+), 2 deletions(-)', ' create mode 100644 SoundMeter.xcodeproj/xcuserdata/goncaloalves.xcuserdatad/xcdebugger/Breakpoints_v2.xcbkptlist', ' create mode 100644 SoundMeter.xcodeproj/xcuserdata/goncaloalves.xcuserdatad/xcschemes/SoundMeter.xcscheme', ' create mode 100644 SoundMeter.xcodeproj/xcuserdata/goncaloalves.xcuserdatad/xcschemes/xcschememanagement.plist']
2016-08-04 19:06:03,269 - DEBUG - []
2016-08-04 19:06:03,363 - DEBUG - []
2016-08-04 19:06:03,551 - DEBUG - ['[master ea68d0c] buenas those-things.  -- Commit message generated by gitAutoCommit Script at 2016-08-04 19:04:46.717161', ' 18 files changed, 129 insertions(+), 323 deletions(-)', ' create mode 100644 SimpleTable.xcodeproj/project.xcworkspace/contents.xcworkspacedata', ' create mode 100644 SimpleTable.xcodeproj/project.xcworkspace/xcuserdata/goncaloalves.xcuserdatad/UserInterfaceState.xcuserstate', ' create mode 100644 SimpleTable.xcodeproj/xcuserdata/goncaloalves.xcuserdatad/xcschemes/SimpleTable.xcscheme', ' create mode 100644 SimpleTable.xcodeproj/xcuserdata/goncaloalves.xcuserdatad/xcschemes/xcschememanagement.plist', ' delete mode 100644 SimpleTable/Default-568h@2x.png', ' delete mode 100644 SimpleTable/Default.png', ' delete mode 100644 SimpleTable/Default@2x.png', ' delete mode 100644 SimpleTable/SimpleTable-Info.plist', ' delete mode 100644 SimpleTable/SimpleTable-Prefix.pch', ' delete mode 100644 SimpleTable/SimpleTableAppDelegate.h', ' delete mode 100644 SimpleTable/SimpleTableAppDelegate.m', ' delete mode 100644 SimpleTable/SimpleTableViewController.h', ' delete mode 100644 SimpleTable/SimpleTableViewController.m', ' delete mode 100644 SimpleTable/en.lproj/InfoPlist.strings', ' delete mode 100644 SimpleTable/en.lproj/SimpleTableViewController.xib', ' delete mode 100644 SimpleTable/main.m', ' create mode 100644 creme_brelee.jpg']
2016-08-04 19:06:03,557 - DEBUG - []
2016-08-04 19:06:03,561 - DEBUG - []
2016-08-04 19:06:03,567 - DEBUG - []
2016-08-04 19:06:03,573 - DEBUG - []
2016-08-04 19:06:05,337 - DEBUG - []
2016-08-04 19:06:06,402 - DEBUG - ['[master 4ba8be3] buenas those-things.  -- Commit message generated by gitAutoCommit Script at 2016-08-04 19:04:46.717161', ' 11 files changed, 276 insertions(+), 357 deletions(-)', ' create mode 100644 BlogNewsCollection.h', ' create mode 100644 BlogNewsCollection.m', ' delete mode 100644 LerJSONBlogger.xcodeproj/project.pbxproj', ' delete mode 100644 LerJSONBlogger/LerJSONBlogger-Prefix.pch', ' delete mode 100644 LerJSONBlogger/LerJSONBlogger.1', ' delete mode 100644 LerJSONBlogger/main.m', ' create mode 100644 lerJSONBlogger.xcodeproj/project.xcworkspace/contents.xcworkspacedata', ' create mode 100644 lerJSONBlogger.xcodeproj/project.xcworkspace/xcuserdata/goncaloalves.xcuserdatad/UserInterfaceState.xcuserstate', ' create mode 100644 lerJSONBlogger.xcodeproj/xcuserdata/goncaloalves.xcuserdatad/xcdebugger/Breakpoints.xcbkptlist', ' create mode 100644 lerJSONBlogger.xcodeproj/xcuserdata/goncaloalves.xcuserdatad/xcschemes/LerJSONBlogger.xcscheme', ' create mode 100644 lerJSONBlogger.xcodeproj/xcuserdata/goncaloalves.xcuserdatad/xcschemes/xcschememanagement.plist']
2016-08-04 19:06:06,406 - DEBUG - []
2016-08-04 19:06:06,593 - DEBUG - []
2016-08-04 19:06:06,835 - DEBUG - ['[master 3b8e0dc] buenas those-things.  -- Commit message generated by gitAutoCommit Script at 2016-08-04 19:04:46.717161', ' 35 files changed, 293 insertions(+), 641 deletions(-)', ' create mode 100644 ScaryBugData.h', ' create mode 100644 ScaryBugData.m', ' create mode 100644 ScaryBugs.xcodeproj/project.xcworkspace/contents.xcworkspacedata', ' create mode 100644 ScaryBugs.xcodeproj/project.xcworkspace/xcuserdata/goncaloalves.xcuserdatad/UserInterfaceState.xcuserstate', ' create mode 100644 ScaryBugs.xcodeproj/xcuserdata/goncaloalves.xcuserdatad/xcdebugger/Breakpoints.xcbkptlist', ' create mode 100644 ScaryBugs.xcodeproj/xcuserdata/goncaloalves.xcuserdatad/xcschemes/ScaryBugs.xcscheme', ' create mode 100644 ScaryBugs.xcodeproj/xcuserdata/goncaloalves.xcuserdatad/xcschemes/xcschememanagement.plist', ' delete mode 100644 ScaryBugs/Default-568h@2x.png', ' delete mode 100644 ScaryBugs/Default.png', ' delete mode 100644 ScaryBugs/Default@2x.png', ' delete mode 100644 ScaryBugs/ScaryBugs-Info.plist', ' delete mode 100644 ScaryBugs/ScaryBugs-Prefix.pch', ' delete mode 100644 ScaryBugs/ScaryBugsAppDelegate.h', ' delete mode 100644 ScaryBugs/ScaryBugsAppDelegate.m', ' delete mode 100644 ScaryBugs/ScaryBugsDetailViewController.h', ' delete mode 100644 ScaryBugs/ScaryBugsDetailViewController.m', ' delete mode 100644 ScaryBugs/ScaryBugsMasterViewController.h', ' delete mode 100644 ScaryBugs/ScaryBugsMasterViewController.m', ' delete mode 100644 ScaryBugs/en.lproj/InfoPlist.strings', ' delete mode 100644 ScaryBugs/en.lproj/MainStoryboard_iPad.storyboard', ' delete mode 100644 ScaryBugs/en.lproj/MainStoryboard_iPhone.storyboard', ' delete mode 100644 ScaryBugs/main.m', ' create mode 100644 attribution.txt', ' create mode 100644 centipede.jpg', ' create mode 100644 centipedeThumb.jpg', ' create mode 100644 ladybug.jpg', ' create mode 100644 ladybugThumb.jpg', ' create mode 100644 potatoBug.jpg', ' create mode 100644 potatoBugThumb.jpg', ' create mode 100644 shockedface2_empty.png', ' create mode 100644 shockedface2_full.png', ' create mode 100644 shockedface2_half.png', ' create mode 100644 wolfSpider.jpg', ' create mode 100644 wolfSpiderThumb.jpg']
2016-08-04 19:06:06,842 - DEBUG - []
2016-08-04 19:06:06,937 - DEBUG - []
2016-08-04 19:06:07,230 - DEBUG - ['[master 42ea216] buenas those-things.  -- Commit message generated by gitAutoCommit Script at 2016-08-04 19:04:46.717161', ' 10 files changed, 360 insertions(+), 130 deletions(-)', ' create mode 100644 QuakeStats.xcodeproj/xcuserdata/goncaloalves.xcuserdatad/xcdebugger/Breakpoints_v2.xcbkptlist', ' rename QuakeStats.xcodeproj/xcuserdata/goncaloalves.xcuserdatad/xcschemes/{.dat33fd.021 => QuakeStats.xcscheme} (100%)', ' rewrite QuakeStats/Base.lproj/Main.storyboard (63%)']
2016-08-04 19:06:07,234 - DEBUG - []
2016-08-04 19:06:07,644 - DEBUG - []
2016-08-04 19:06:07,923 - DEBUG - ['[master 7f7ac82] buenas those-things.  -- Commit message generated by gitAutoCommit Script at 2016-08-04 19:04:46.717161', ' 14 files changed, 493 insertions(+), 3 deletions(-)', ' create mode 100644 SpriteWalkthrough.xcodeproj/xcuserdata/goncaloalves.xcuserdatad/xcdebugger/Breakpoints_v2.xcbkptlist', ' create mode 100644 SpriteWalkthrough.xcodeproj/xcuserdata/goncaloalves.xcuserdatad/xcschemes/SpriteWalkthrough.xcscheme', ' create mode 100644 SpriteWalkthrough.xcodeproj/xcuserdata/goncaloalves.xcuserdatad/xcschemes/xcschememanagement.plist', ' create mode 100644 SpriteWalkthrough/HelloScene.h', ' create mode 100644 SpriteWalkthrough/HelloScene.m', ' create mode 100644 SpriteWalkthrough/SpaceshipScene.h', ' create mode 100644 SpriteWalkthrough/SpaceshipScene.m', ' create mode 100644 monster-die-1.png', ' create mode 100644 monster-die-2.png', ' create mode 100644 monster-die-3.png', ' create mode 100644 monster-die-4.png', ' create mode 100644 monster.png']
2016-08-04 19:06:07,927 - DEBUG - []
2016-08-04 19:06:08,179 - DEBUG - []
2016-08-04 19:06:08,454 - DEBUG - ['[master 0ac3290] buenas those-things.  -- Commit message generated by gitAutoCommit Script at 2016-08-04 19:04:46.717161', ' 7 files changed, 152 insertions(+), 4 deletions(-)', ' create mode 100644 Hello World.xcodeproj/project.xcworkspace/contents.xcworkspacedata', ' create mode 100644 Hello World.xcodeproj/project.xcworkspace/xcuserdata/goncaloalves.xcuserdatad/UserInterfaceState.xcuserstate', ' create mode 100644 Hello World.xcodeproj/xcuserdata/goncaloalves.xcuserdatad/xcschemes/Hello World.xcscheme', ' create mode 100644 Hello World.xcodeproj/xcuserdata/goncaloalves.xcuserdatad/xcschemes/xcschememanagement.plist']
2016-08-04 19:06:08,458 - DEBUG - []
2016-08-04 19:06:08,716 - DEBUG - []
2016-08-04 19:06:09,097 - DEBUG - ['[master 9f7ef51] buenas those-things.  -- Commit message generated by gitAutoCommit Script at 2016-08-04 19:04:46.717161', ' 9 files changed, 229 insertions(+), 17 deletions(-)', ' create mode 100644 TableView.xcodeproj/project.xcworkspace/contents.xcworkspacedata', ' create mode 100644 TableView.xcodeproj/project.xcworkspace/xcuserdata/goncaloalves.xcuserdatad/UserInterfaceState.xcuserstate', ' create mode 100644 TableView.xcodeproj/xcuserdata/goncaloalves.xcuserdatad/xcdebugger/Breakpoints.xcbkptlist', ' create mode 100644 TableView.xcodeproj/xcuserdata/goncaloalves.xcuserdatad/xcschemes/TableView.xcscheme', ' create mode 100644 TableView.xcodeproj/xcuserdata/goncaloalves.xcuserdatad/xcschemes/xcschememanagement.plist']
2016-08-04 19:06:09,102 - DEBUG - []
2016-08-04 19:06:09,626 - DEBUG - []
2016-08-04 19:06:10,064 - DEBUG - ['[master fb699bc] buenas those-things.  -- Commit message generated by gitAutoCommit Script at 2016-08-04 19:04:46.717161', ' 13 files changed, 428 insertions(+), 11 deletions(-)', ' create mode 100644 FlashNight.xcodeproj/xcuserdata/goncaloalves.xcuserdatad/xcdebugger/Breakpoints_v2.xcbkptlist', ' create mode 100644 FlashNight.xcodeproj/xcuserdata/goncaloalves.xcuserdatad/xcschemes/FlashNight.xcscheme', ' create mode 100644 FlashNight.xcodeproj/xcuserdata/goncaloalves.xcuserdatad/xcschemes/xcschememanagement.plist', ' create mode 100644 FlashNight/Images.xcassets/AppIcon.appiconset/Icon-40@2x.png', ' create mode 100644 FlashNight/Images.xcassets/AppIcon.appiconset/Icon-60@2x.png', ' create mode 100644 FlashNight/Images.xcassets/AppIcon.appiconset/Icon-Small@2x.png']
2016-08-04 19:06:10,072 - DEBUG - []
2016-08-04 19:06:10,371 - DEBUG - []
2016-08-04 19:06:10,662 - DEBUG - ['[master 8206289] buenas those-things.  -- Commit message generated by gitAutoCommit Script at 2016-08-04 19:04:46.717161', ' 13 files changed, 332 insertions(+), 27 deletions(-)', ' create mode 100644 Casa Segredos Teste.xcodeproj/project.xcworkspace/contents.xcworkspacedata', ' create mode 100644 Casa Segredos Teste.xcodeproj/project.xcworkspace/xcuserdata/goncaloalves.xcuserdatad/UserInterfaceState.xcuserstate', ' create mode 100644 Casa Segredos Teste.xcodeproj/xcuserdata/goncaloalves.xcuserdatad/xcdebugger/Breakpoints.xcbkptlist', ' create mode 100644 Casa Segredos Teste.xcodeproj/xcuserdata/goncaloalves.xcuserdatad/xcschemes/Casa Segredos Teste.xcscheme', ' create mode 100644 Casa Segredos Teste.xcodeproj/xcuserdata/goncaloalves.xcuserdatad/xcschemes/xcschememanagement.plist', ' create mode 100644 Casa Segredos Teste/CSTNews.h', ' create mode 100644 Casa Segredos Teste/CSTNews.m']
2016-08-04 19:06:10,666 - DEBUG - []
